<?xml version="1.0" encoding="UTF-8"?>
<testng-results ignored="0" total="1" passed="0" failed="0" skipped="1">
  <reporter-output>
  </reporter-output>
  <suite started-at="2022-03-24T10:58:55 EDT" name="Default suite" finished-at="2022-03-24T10:58:55 EDT" duration-ms="333">
    <groups>
      <group name="cucumber">
        <method signature="AbstractTestNGCucumberTests.runScenario(io.cucumber.testng.PickleWrapper,io.cucumber.testng.FeatureWrapper)[pri:0, instance:Runner.Reg_Runner_Rubyat$RunCucumberTest@32502377]" name="runScenario" class="io.cucumber.testng.AbstractTestNGCucumberTests"/>
      </group> <!-- cucumber -->
    </groups>
    <test started-at="2022-03-24T10:58:55 EDT" name="Default test" finished-at="2022-03-24T10:58:55 EDT" duration-ms="333">
      <class name="Runner.Reg_Runner_Rubyat$RunCucumberTest">
        <test-method is-config="true" signature="beforeTest()[pri:0, instance:Runner.Reg_Runner_Rubyat$RunCucumberTest@32502377]" started-at="2022-03-24T10:58:55 EDT" name="beforeTest" finished-at="2022-03-24T10:58:55 EDT" duration-ms="8" status="PASS">
          <reporter-output>
          </reporter-output>
        </test-method> <!-- beforeTest -->
        <test-method is-config="true" signature="setUpClass()[pri:0, instance:Runner.Reg_Runner_Rubyat$RunCucumberTest@32502377]" started-at="2022-03-24T10:58:55 EDT" name="setUpClass" finished-at="2022-03-24T10:58:55 EDT" duration-ms="174" status="PASS">
          <reporter-output>
          </reporter-output>
        </test-method> <!-- setUpClass -->
        <test-method signature="runScenario(io.cucumber.testng.PickleWrapper,io.cucumber.testng.FeatureWrapper)[pri:0, instance:Runner.Reg_Runner_Rubyat$RunCucumberTest@32502377]" started-at="2022-03-24T10:58:55 EDT" name="runScenario" description="Runs Cucumber Scenarios" data-provider="scenarios" finished-at="2022-03-24T10:58:55 EDT" duration-ms="73" status="SKIP">
          <params>
            <param index="0">
              <value>
                <![CDATA["The user should be able to register for an account using valid data"]]>
              </value>
            </param>
            <param index="1">
              <value>
                <![CDATA["Regitration functionality"]]>
              </value>
            </param>
          </params>
          <exception class="io.cucumber.testng.UndefinedStepException">
            <message>
              <![CDATA[There were 11 undefined steps
The step "User is on Macys sign-in page" is undefined. You can implement it using the snippet(s) below:

@Given("User is on Macys sign-in page")
public void user_is_on_Macys_sign_in_page() {
    // Write code here that turns the phrase above into concrete actions
    throw new io.cucumber.java.PendingException();
}

The step "Click on Create Account" is undefined. You can implement it using the snippet(s) below:

@When("Click on Create Account")
public void click_on_Create_Account() {
    // Write code here that turns the phrase above into concrete actions
    throw new io.cucumber.java.PendingException();
}

The step "the user is navigated to the create an account page" is undefined. You can implement it using the snippet(s) below:

@Then("the user is navigated to the create an account page")
public void the_user_is_navigated_to_the_create_an_account_page() {
    // Write code here that turns the phrase above into concrete actions
    throw new io.cucumber.java.PendingException();
}

The step "the User inputs first name" is undefined. You can implement it using the snippet(s) below:

@When("the User inputs first name")
public void the_User_inputs_first_name() {
    // Write code here that turns the phrase above into concrete actions
    throw new io.cucumber.java.PendingException();
}

The step "inserts last name" is undefined. You can implement it using the snippet(s) below:

@When("inserts last name")
public void inserts_last_name() {
    // Write code here that turns the phrase above into concrete actions
    throw new io.cucumber.java.PendingException();
}

The step "User inserts an email address" is undefined. You can implement it using the snippet(s) below:

@When("User inserts an email address")
public void user_inserts_an_email_address() {
    // Write code here that turns the phrase above into concrete actions
    throw new io.cucumber.java.PendingException();
}

The step "Inserts the password" is undefined. You can implement it using the snippet(s) below:

@When("Inserts the password")
public void inserts_the_password() {
    // Write code here that turns the phrase above into concrete actions
    throw new io.cucumber.java.PendingException();
}

The step "User select  month and day from the Birthday dropdown" is undefined. You can implement it using the snippet(s) below:

@When("User select  month and day from the Birthday dropdown")
public void user_select_month_and_day_from_the_Birthday_dropdown() {
    // Write code here that turns the phrase above into concrete actions
    throw new io.cucumber.java.PendingException();
}

The step "User select checkbox Join Star Rewards" is undefined. You can implement it using the snippet(s) below:

@When("User select checkbox Join Star Rewards")
public void user_select_checkbox_Join_Star_Rewards() {
    // Write code here that turns the phrase above into concrete actions
    throw new io.cucumber.java.PendingException();
}

The step "Click on the Create Account button" is undefined. You can implement it using the snippet(s) below:

@When("Click on the Create Account button")
public void click_on_the_Create_Account_button() {
    // Write code here that turns the phrase above into concrete actions
    throw new io.cucumber.java.PendingException();
}

The step "User is navigated to the account homepage" is undefined. You can implement it using the snippet(s) below:

@Then("User is navigated to the account homepage")
public void user_is_navigated_to_the_account_homepage() {
    // Write code here that turns the phrase above into concrete actions
    throw new io.cucumber.java.PendingException();
}
]]>
            </message>
            <full-stacktrace>
              <![CDATA[io.cucumber.testng.UndefinedStepException: There were 11 undefined steps
The step "User is on Macys sign-in page" is undefined. You can implement it using the snippet(s) below:

@Given("User is on Macys sign-in page")
public void user_is_on_Macys_sign_in_page() {
    // Write code here that turns the phrase above into concrete actions
    throw new io.cucumber.java.PendingException();
}

The step "Click on Create Account" is undefined. You can implement it using the snippet(s) below:

@When("Click on Create Account")
public void click_on_Create_Account() {
    // Write code here that turns the phrase above into concrete actions
    throw new io.cucumber.java.PendingException();
}

The step "the user is navigated to the create an account page" is undefined. You can implement it using the snippet(s) below:

@Then("the user is navigated to the create an account page")
public void the_user_is_navigated_to_the_create_an_account_page() {
    // Write code here that turns the phrase above into concrete actions
    throw new io.cucumber.java.PendingException();
}

The step "the User inputs first name" is undefined. You can implement it using the snippet(s) below:

@When("the User inputs first name")
public void the_User_inputs_first_name() {
    // Write code here that turns the phrase above into concrete actions
    throw new io.cucumber.java.PendingException();
}

The step "inserts last name" is undefined. You can implement it using the snippet(s) below:

@When("inserts last name")
public void inserts_last_name() {
    // Write code here that turns the phrase above into concrete actions
    throw new io.cucumber.java.PendingException();
}

The step "User inserts an email address" is undefined. You can implement it using the snippet(s) below:

@When("User inserts an email address")
public void user_inserts_an_email_address() {
    // Write code here that turns the phrase above into concrete actions
    throw new io.cucumber.java.PendingException();
}

The step "Inserts the password" is undefined. You can implement it using the snippet(s) below:

@When("Inserts the password")
public void inserts_the_password() {
    // Write code here that turns the phrase above into concrete actions
    throw new io.cucumber.java.PendingException();
}

The step "User select  month and day from the Birthday dropdown" is undefined. You can implement it using the snippet(s) below:

@When("User select  month and day from the Birthday dropdown")
public void user_select_month_and_day_from_the_Birthday_dropdown() {
    // Write code here that turns the phrase above into concrete actions
    throw new io.cucumber.java.PendingException();
}

The step "User select checkbox Join Star Rewards" is undefined. You can implement it using the snippet(s) below:

@When("User select checkbox Join Star Rewards")
public void user_select_checkbox_Join_Star_Rewards() {
    // Write code here that turns the phrase above into concrete actions
    throw new io.cucumber.java.PendingException();
}

The step "Click on the Create Account button" is undefined. You can implement it using the snippet(s) below:

@When("Click on the Create Account button")
public void click_on_the_Create_Account_button() {
    // Write code here that turns the phrase above into concrete actions
    throw new io.cucumber.java.PendingException();
}

The step "User is navigated to the account homepage" is undefined. You can implement it using the snippet(s) below:

@Then("User is navigated to the account homepage")
public void user_is_navigated_to_the_account_homepage() {
    // Write code here that turns the phrase above into concrete actions
    throw new io.cucumber.java.PendingException();
}

at io.cucumber.testng.TestCaseResultObserver.lambda$assertTestCasePassed$2(TestCaseResultObserver.java:26)
at io.cucumber.core.runtime.TestCaseResultObserver.assertTestCasePassed(TestCaseResultObserver.java:110)
at io.cucumber.testng.TestCaseResultObserver.assertTestCasePassed(TestCaseResultObserver.java:21)
at io.cucumber.testng.TestNGCucumberRunner.runScenario(TestNGCucumberRunner.java:125)
at io.cucumber.testng.AbstractTestNGCucumberTests.runScenario(AbstractTestNGCucumberTests.java:29)
at java.base/jdk.internal.reflect.NativeMethodAccessorImpl.invoke0(Native Method)
at java.base/jdk.internal.reflect.NativeMethodAccessorImpl.invoke(NativeMethodAccessorImpl.java:77)
at java.base/jdk.internal.reflect.DelegatingMethodAccessorImpl.invoke(DelegatingMethodAccessorImpl.java:43)
at java.base/java.lang.reflect.Method.invoke(Method.java:568)
at org.testng.internal.MethodInvocationHelper.invokeMethod(MethodInvocationHelper.java:133)
at org.testng.internal.TestInvoker.invokeMethod(TestInvoker.java:598)
at org.testng.internal.TestInvoker.invokeTestMethod(TestInvoker.java:173)
at org.testng.internal.MethodRunner.runInSequence(MethodRunner.java:46)
at org.testng.internal.TestInvoker$MethodInvocationAgent.invoke(TestInvoker.java:824)
at org.testng.internal.TestInvoker.invokeTestMethods(TestInvoker.java:146)
at org.testng.internal.TestMethodWorker.invokeTestMethods(TestMethodWorker.java:146)
at org.testng.internal.TestMethodWorker.run(TestMethodWorker.java:128)
at java.base/java.util.ArrayList.forEach(ArrayList.java:1511)
at org.testng.TestRunner.privateRun(TestRunner.java:794)
at org.testng.TestRunner.run(TestRunner.java:596)
at org.testng.SuiteRunner.runTest(SuiteRunner.java:377)
at org.testng.SuiteRunner.runSequentially(SuiteRunner.java:371)
at org.testng.SuiteRunner.privateRun(SuiteRunner.java:332)
at org.testng.SuiteRunner.run(SuiteRunner.java:276)
at org.testng.SuiteRunnerWorker.runSuite(SuiteRunnerWorker.java:53)
at org.testng.SuiteRunnerWorker.run(SuiteRunnerWorker.java:96)
at org.testng.TestNG.runSuitesSequentially(TestNG.java:1212)
at org.testng.TestNG.runSuitesLocally(TestNG.java:1134)
at org.testng.TestNG.runSuites(TestNG.java:1063)
at org.testng.TestNG.run(TestNG.java:1031)
at org.testng.remote.AbstractRemoteTestNG.run(AbstractRemoteTestNG.java:115)
at org.testng.remote.RemoteTestNG.initAndRun(RemoteTestNG.java:251)
at org.testng.remote.RemoteTestNG.main(RemoteTestNG.java:77)
]]>
            </full-stacktrace>
          </exception> <!-- io.cucumber.testng.UndefinedStepException -->
          <reporter-output>
          </reporter-output>
        </test-method> <!-- runScenario -->
        <test-method is-config="true" signature="tearDownClass()[pri:0, instance:Runner.Reg_Runner_Rubyat$RunCucumberTest@32502377]" started-at="2022-03-24T10:58:55 EDT" name="tearDownClass" finished-at="2022-03-24T10:58:55 EDT" duration-ms="44" status="PASS">
          <reporter-output>
          </reporter-output>
        </test-method> <!-- tearDownClass -->
        <test-method is-config="true" signature="afterTest()[pri:0, instance:Runner.Reg_Runner_Rubyat$RunCucumberTest@32502377]" started-at="2022-03-24T10:58:55 EDT" name="afterTest" finished-at="2022-03-24T10:58:55 EDT" duration-ms="0" status="PASS">
          <reporter-output>
          </reporter-output>
        </test-method> <!-- afterTest -->
      </class> <!-- Runner.Reg_Runner_Rubyat$RunCucumberTest -->
    </test> <!-- Default test -->
  </suite> <!-- Default suite -->
</testng-results>
